Started GET "/" for 127.0.0.1 at 2019-05-28 13:38:42 +0530
Processing by Rails::WelcomeController#index as HTML
  Rendering /home/jineet/.ruby/gems/railties-5.2.3/lib/rails/templates/rails/welcome/index.html.erb
  Rendered /home/jineet/.ruby/gems/railties-5.2.3/lib/rails/templates/rails/welcome/index.html.erb (1.8ms)
Completed 200 OK in 9ms (Views: 3.7ms | ActiveRecord: 0.0ms)


Started GET "/" for 127.0.0.1 at 2019-05-28 13:55:50 +0530
Processing by Rails::WelcomeController#index as HTML
  Rendering /home/jineet/.ruby/gems/railties-5.2.3/lib/rails/templates/rails/welcome/index.html.erb
  Rendered /home/jineet/.ruby/gems/railties-5.2.3/lib/rails/templates/rails/welcome/index.html.erb (2.0ms)
Completed 200 OK in 9ms (Views: 3.9ms | ActiveRecord: 0.0ms)


Started GET "/" for 127.0.0.1 at 2019-05-28 13:56:12 +0530
Processing by HomeController#index as HTML
  Rendering home/index.html.erb within layouts/application
  Rendered home/index.html.erb within layouts/application (0.2ms)
Started GET "/" for 127.0.0.1 at 2019-05-28 13:56:13 +0530
Completed 200 OK in 1890ms (Views: 1889.3ms | ActiveRecord: 0.0ms)


Started GET "/" for 127.0.0.1 at 2019-05-28 13:56:14 +0530
Started GET "/" for 127.0.0.1 at 2019-05-28 13:56:14 +0530
Started GET "/" for 127.0.0.1 at 2019-05-28 13:56:14 +0530
Processing by HomeController#index as HTML
Processing by HomeController#index as HTML
Processing by HomeController#index as HTML
  Rendering home/index.html.erb within layouts/application
Processing by HomeController#index as HTML
  Rendered home/index.html.erb within layouts/application (0.3ms)
  Rendering home/index.html.erb within layouts/application
Started GET "/" for 127.0.0.1 at 2019-05-28 13:56:14 +0530
  Rendered home/index.html.erb within layouts/application (0.0ms)
  Rendering home/index.html.erb within layouts/application
  Rendering home/index.html.erb within layouts/application
Processing by HomeController#index as HTML
  Rendered home/index.html.erb within layouts/application (0.0ms)
  Rendered home/index.html.erb within layouts/application (0.0ms)
  Rendering home/index.html.erb within layouts/application
  Rendered home/index.html.erb within layouts/application (0.0ms)
Completed 200 OK in 46ms (Views: 45.6ms | ActiveRecord: 0.0ms)


Completed 200 OK in 51ms (Views: 50.6ms | ActiveRecord: 0.0ms)


Completed 200 OK in 61ms (Views: 60.1ms | ActiveRecord: 0.0ms)


Completed 200 OK in 62ms (Views: 60.3ms | ActiveRecord: 0.0ms)


Completed 200 OK in 63ms (Views: 60.9ms | ActiveRecord: 0.0ms)


Started GET "/" for 127.0.0.1 at 2019-05-28 13:56:14 +0530
Processing by HomeController#index as HTML
  Rendering home/index.html.erb within layouts/application
  Rendered home/index.html.erb within layouts/application (0.2ms)
Completed 200 OK in 14ms (Views: 13.0ms | ActiveRecord: 0.0ms)


Started GET "/" for 127.0.0.1 at 2019-05-28 13:56:14 +0530
Processing by HomeController#index as HTML
  Rendering home/index.html.erb within layouts/application
  Rendered home/index.html.erb within layouts/application (0.3ms)
Completed 200 OK in 13ms (Views: 11.9ms | ActiveRecord: 0.0ms)


  [1m[35m (0.1ms)[0m  [1m[34mSELECT sqlite_version(*)[0m
  ↳ /usr/local/bin/rake:23
  [1m[35m (98.7ms)[0m  [1m[35mCREATE TABLE "schema_migrations" ("version" varchar NOT NULL PRIMARY KEY)[0m
  ↳ /usr/local/bin/rake:23
  [1m[35m (109.5ms)[0m  [1m[35mCREATE TABLE "ar_internal_metadata" ("key" varchar NOT NULL PRIMARY KEY, "value" varchar, "created_at" datetime NOT NULL, "updated_at" datetime NOT NULL)[0m
  ↳ /usr/local/bin/rake:23
  [1m[35m (0.3ms)[0m  [1m[34mSELECT "schema_migrations"."version" FROM "schema_migrations" ORDER BY "schema_migrations"."version" ASC[0m
  ↳ /usr/local/bin/rake:23
Migrating to CreatePosts (20190528082806)
  [1m[35m (0.1ms)[0m  [1m[36mbegin transaction[0m
  ↳ /usr/local/bin/rake:23
  [1m[35m (0.8ms)[0m  [1m[35mCREATE TABLE "posts" ("id" integer PRIMARY KEY AUTOINCREMENT NOT NULL, "name" varchar, "title" varchar, "content" text, "created_at" datetime NOT NULL, "updated_at" datetime NOT NULL)[0m
  ↳ db/migrate/20190528082806_create_posts.rb:3
  [1m[36mActiveRecord::SchemaMigration Create (0.3ms)[0m  [1m[32mINSERT INTO "schema_migrations" ("version") VALUES (?)[0m  [["version", "20190528082806"]]
  ↳ /usr/local/bin/rake:23
  [1m[35m (112.1ms)[0m  [1m[36mcommit transaction[0m
  ↳ /usr/local/bin/rake:23
  [1m[36mActiveRecord::InternalMetadata Load (0.4ms)[0m  [1m[34mSELECT  "ar_internal_metadata".* FROM "ar_internal_metadata" WHERE "ar_internal_metadata"."key" = ? LIMIT ?[0m  [["key", "environment"], ["LIMIT", 1]]
  ↳ /usr/local/bin/rake:23
  [1m[35m (0.1ms)[0m  [1m[36mbegin transaction[0m
  ↳ /usr/local/bin/rake:23
  [1m[36mActiveRecord::InternalMetadata Create (0.5ms)[0m  [1m[32mINSERT INTO "ar_internal_metadata" ("key", "value", "created_at", "updated_at") VALUES (?, ?, ?, ?)[0m  [["key", "environment"], ["value", "development"], ["created_at", "2019-05-28 08:30:54.711201"], ["updated_at", "2019-05-28 08:30:54.711201"]]
  ↳ /usr/local/bin/rake:23
  [1m[35m (86.8ms)[0m  [1m[36mcommit transaction[0m
  ↳ /usr/local/bin/rake:23
  [1m[35m (0.3ms)[0m  [1m[34mSELECT "schema_migrations"."version" FROM "schema_migrations" ORDER BY "schema_migrations"."version" ASC[0m
  ↳ /usr/local/bin/rake:23
Started GET "/" for 127.0.0.1 at 2019-05-28 14:04:51 +0530
  [1m[35m (0.1ms)[0m  [1m[34mSELECT "schema_migrations"."version" FROM "schema_migrations" ORDER BY "schema_migrations"."version" ASC[0m
  ↳ /var/lib/gems/2.5.0/gems/rack-2.0.7/lib/rack/method_override.rb:22
Processing by HomeController#index as HTML
  Rendering home/index.html.erb within layouts/application
  Rendered home/index.html.erb within layouts/application (0.6ms)
Completed 200 OK in 184ms (Views: 178.1ms | ActiveRecord: 0.0ms)


Started GET "/posts" for 127.0.0.1 at 2019-05-28 14:04:54 +0530
Processing by PostsController#index as HTML
  Rendering posts/index.html.erb within layouts/application
  [1m[36mPost Load (0.2ms)[0m  [1m[34mSELECT "posts".* FROM "posts"[0m
  ↳ app/views/posts/index.html.erb:16
  Rendered posts/index.html.erb within layouts/application (2.1ms)
Completed 200 OK in 16ms (Views: 13.2ms | ActiveRecord: 0.4ms)


Started GET "/posts/new" for 127.0.0.1 at 2019-05-28 14:04:57 +0530
Processing by PostsController#new as HTML
  Rendering posts/new.html.erb within layouts/application
  Rendered posts/_form.html.erb (10.9ms)
  Rendered posts/new.html.erb within layouts/application (11.9ms)
Completed 200 OK in 37ms (Views: 22.4ms | ActiveRecord: 1.3ms)


Started POST "/posts" for 127.0.0.1 at 2019-05-28 14:05:34 +0530
Processing by PostsController#create as HTML
  Parameters: {"utf8"=>"✓", "authenticity_token"=>"iYFV68Oq7cJL3wJyrMEKSf8wrBz+/BV4vLg0ol30fQDzT4mktLGOmr2AnQIRb5mRmIn38kU9s+JQGDslICOPsg==", "post"=>{"name"=>"jineet", "title"=>"Starting", "content"=>"Just starting with rails on ruby"}, "commit"=>"Create Post"}
  [1m[35m (0.1ms)[0m  [1m[36mbegin transaction[0m
  ↳ app/controllers/posts_controller.rb:30
  [1m[36mPost Create (0.6ms)[0m  [1m[32mINSERT INTO "posts" ("name", "title", "content", "created_at", "updated_at") VALUES (?, ?, ?, ?, ?)[0m  [["name", "jineet"], ["title", "Starting"], ["content", "Just starting with rails on ruby"], ["created_at", "2019-05-28 08:35:34.248783"], ["updated_at", "2019-05-28 08:35:34.248783"]]
  ↳ app/controllers/posts_controller.rb:30
  [1m[35m (134.6ms)[0m  [1m[36mcommit transaction[0m
  ↳ app/controllers/posts_controller.rb:30
Redirected to http://localhost:3000/posts/1
Completed 302 Found in 148ms (ActiveRecord: 135.3ms)


Started GET "/posts/1" for 127.0.0.1 at 2019-05-28 14:05:34 +0530
Processing by PostsController#show as HTML
  Parameters: {"id"=>"1"}
  [1m[36mPost Load (0.4ms)[0m  [1m[34mSELECT  "posts".* FROM "posts" WHERE "posts"."id" = ? LIMIT ?[0m  [["id", 1], ["LIMIT", 1]]
  ↳ app/controllers/posts_controller.rb:67
  Rendering posts/show.html.erb within layouts/application
  Rendered posts/show.html.erb within layouts/application (1.9ms)
Completed 200 OK in 33ms (Views: 24.8ms | ActiveRecord: 0.4ms)


  [1m[35m (0.2ms)[0m  [1m[36mbegin transaction[0m
  [1m[35m (0.1ms)[0m  [1m[31mrollback transaction[0m
Started GET "/" for 127.0.0.1 at 2019-05-28 14:50:09 +0530
  [1m[35m (0.2ms)[0m  [1m[34mSELECT "schema_migrations"."version" FROM "schema_migrations" ORDER BY "schema_migrations"."version" ASC[0m
  ↳ /var/lib/gems/2.5.0/gems/rack-2.0.7/lib/rack/method_override.rb:22
Processing by HomeController#index as HTML
  Rendering home/index.html.erb within layouts/application
  Rendered home/index.html.erb within layouts/application (0.7ms)
Completed 200 OK in 159ms (Views: 154.4ms | ActiveRecord: 0.0ms)


Started GET "/posts" for 127.0.0.1 at 2019-05-28 14:50:14 +0530
Processing by PostsController#index as HTML
  Rendering posts/index.html.erb within layouts/application
  [1m[36mPost Load (0.2ms)[0m  [1m[34mSELECT "posts".* FROM "posts"[0m
  ↳ app/views/posts/index.html.erb:16
  Rendered posts/index.html.erb within layouts/application (11.7ms)
Completed 200 OK in 36ms (Views: 26.3ms | ActiveRecord: 1.1ms)


Started GET "/posts/1" for 127.0.0.1 at 2019-05-28 14:50:18 +0530
Processing by PostsController#show as HTML
  Parameters: {"id"=>"1"}
  [1m[36mPost Load (0.2ms)[0m  [1m[34mSELECT  "posts".* FROM "posts" WHERE "posts"."id" = ? LIMIT ?[0m  [["id", 1], ["LIMIT", 1]]
  ↳ app/controllers/posts_controller.rb:72
  Rendering posts/show.html.erb within layouts/application
  Rendered posts/show.html.erb within layouts/application (0.7ms)
Completed 200 OK in 21ms (Views: 16.5ms | ActiveRecord: 0.2ms)


Started GET "/posts" for 127.0.0.1 at 2019-05-28 14:50:20 +0530
Processing by PostsController#index as HTML
  Rendering posts/index.html.erb within layouts/application
  [1m[36mPost Load (0.4ms)[0m  [1m[34mSELECT "posts".* FROM "posts"[0m
  ↳ app/views/posts/index.html.erb:16
  Rendered posts/index.html.erb within layouts/application (11.0ms)
Completed 200 OK in 50ms (Views: 47.2ms | ActiveRecord: 0.4ms)


Started GET "/posts/new" for 127.0.0.1 at 2019-05-28 14:55:12 +0530
Processing by PostsController#new as HTML
  Rendering posts/new.html.erb within layouts/application
  Rendered posts/_form.html.erb (36.8ms)
  Rendered posts/new.html.erb within layouts/application (39.7ms)
Completed 200 OK in 64ms (Views: 59.9ms | ActiveRecord: 0.0ms)


Started GET "/posts" for 127.0.0.1 at 2019-05-28 14:55:21 +0530
Processing by PostsController#index as HTML
  Rendering posts/index.html.erb within layouts/application
  [1m[36mPost Load (0.3ms)[0m  [1m[34mSELECT "posts".* FROM "posts"[0m
  ↳ app/views/posts/index.html.erb:16
  Rendered posts/index.html.erb within layouts/application (7.5ms)
Completed 200 OK in 61ms (Views: 54.7ms | ActiveRecord: 0.3ms)


Started GET "/posts/new" for 127.0.0.1 at 2019-05-28 14:55:22 +0530
Processing by PostsController#new as HTML
  Rendering posts/new.html.erb within layouts/application
  Rendered posts/_form.html.erb (7.6ms)
  Rendered posts/new.html.erb within layouts/application (11.7ms)
Completed 200 OK in 48ms (Views: 44.5ms | ActiveRecord: 0.0ms)


Started GET "/posts" for 127.0.0.1 at 2019-05-28 14:55:24 +0530
Processing by PostsController#index as HTML
  Rendering posts/index.html.erb within layouts/application
  [1m[36mPost Load (0.4ms)[0m  [1m[34mSELECT "posts".* FROM "posts"[0m
  ↳ app/views/posts/index.html.erb:16
  Rendered posts/index.html.erb within layouts/application (7.6ms)
Completed 200 OK in 62ms (Views: 58.3ms | ActiveRecord: 0.4ms)


Started GET "/posts/1" for 127.0.0.1 at 2019-05-28 14:55:26 +0530
Processing by PostsController#show as HTML
  Parameters: {"id"=>"1"}
  [1m[36mPost Load (0.4ms)[0m  [1m[34mSELECT  "posts".* FROM "posts" WHERE "posts"."id" = ? LIMIT ?[0m  [["id", 1], ["LIMIT", 1]]
  ↳ app/controllers/posts_controller.rb:72
  Rendering posts/show.html.erb within layouts/application
  Rendered posts/show.html.erb within layouts/application (3.4ms)
Completed 200 OK in 76ms (Views: 70.3ms | ActiveRecord: 0.4ms)


Started GET "/posts" for 127.0.0.1 at 2019-05-28 14:55:28 +0530
Processing by PostsController#index as HTML
  Rendering posts/index.html.erb within layouts/application
  [1m[36mPost Load (0.5ms)[0m  [1m[34mSELECT "posts".* FROM "posts"[0m
  ↳ app/views/posts/index.html.erb:16
  Rendered posts/index.html.erb within layouts/application (43.9ms)
Completed 200 OK in 96ms (Views: 88.5ms | ActiveRecord: 0.5ms)


Started DELETE "/posts/1" for 127.0.0.1 at 2019-05-28 14:55:32 +0530
Processing by PostsController#destroy as HTML
  Parameters: {"authenticity_token"=>"1v74NK+Ffy/GEJTMbPHEmsQif5Vf5Ac2EF4wvROyeZcnFTt1IU0JHLozyAiiMPErDuHGMICCiyvVRWFAQhPTtg==", "id"=>"1"}
  [1m[36mPost Load (0.2ms)[0m  [1m[34mSELECT  "posts".* FROM "posts" WHERE "posts"."id" = ? LIMIT ?[0m  [["id", 1], ["LIMIT", 1]]
  ↳ app/controllers/posts_controller.rb:72
  [1m[35m (0.1ms)[0m  [1m[36mbegin transaction[0m
  ↳ app/controllers/posts_controller.rb:62
  [1m[36mPost Destroy (0.3ms)[0m  [1m[31mDELETE FROM "posts" WHERE "posts"."id" = ?[0m  [["id", 1]]
  ↳ app/controllers/posts_controller.rb:62
  [1m[35m (61.1ms)[0m  [1m[36mcommit transaction[0m
  ↳ app/controllers/posts_controller.rb:62
Redirected to http://localhost:3000/posts
Completed 302 Found in 71ms (ActiveRecord: 61.6ms)


Started GET "/posts" for 127.0.0.1 at 2019-05-28 14:55:32 +0530
Processing by PostsController#index as HTML
  Rendering posts/index.html.erb within layouts/application
  [1m[36mPost Load (0.3ms)[0m  [1m[34mSELECT "posts".* FROM "posts"[0m
  ↳ app/views/posts/index.html.erb:16
  Rendered posts/index.html.erb within layouts/application (4.0ms)
Completed 200 OK in 63ms (Views: 58.3ms | ActiveRecord: 0.3ms)


